<?xml version="1.0" encoding="UTF-8"?>
<!-- Generated by org.testng.reporters.JUnitXMLReporter -->
<testsuite ignored="0" hostname="RK" failures="1" tests="1" name="Default test" time="0.062" errors="0" timestamp="2022-11-28T18:31:01 IST">
  <testcase classname="tests.FBLoginTest" name="init" time="0.01">
    <failure type="java.lang.Error" message="Unresolved compilation problems: 
	FbLoginPage cannot be resolved to a type
	The method initElements(SearchContext, Class&amp;lt;FbLoginPage&amp;gt;) from the type PageFactory refers to the missing type FbLoginPage
	FbLoginPage cannot be resolved to a type
	FbHomePage cannot be resolved to a type
	The method initElements(SearchContext, Class&amp;lt;FbHomePage&amp;gt;) from the type PageFactory refers to the missing type FbHomePage
	FbHomePage cannot be resolved to a type
">
      <![CDATA[java.lang.Error: Unresolved compilation problems: 
FbLoginPage cannot be resolved to a type
The method initElements(SearchContext, Class<FbLoginPage>) from the type PageFactory refers to the missing type FbLoginPage
FbLoginPage cannot be resolved to a type
FbHomePage cannot be resolved to a type
The method initElements(SearchContext, Class<FbHomePage>) from the type PageFactory refers to the missing type FbHomePage
FbHomePage cannot be resolved to a type

at tests.FBLoginTest.init(FBLoginTest.java:14)
at java.base/jdk.internal.reflect.DirectMethodHandleAccessor.invoke(DirectMethodHandleAccessor.java:104)
at java.base/java.lang.reflect.Method.invoke(Method.java:578)
at org.testng.internal.MethodInvocationHelper.invokeMethod(MethodInvocationHelper.java:133)
at org.testng.internal.TestInvoker.invokeMethod(TestInvoker.java:598)
at org.testng.internal.TestInvoker.invokeTestMethod(TestInvoker.java:173)
at org.testng.internal.MethodRunner.runInSequence(MethodRunner.java:46)
at org.testng.internal.TestInvoker$MethodInvocationAgent.invoke(TestInvoker.java:824)
at org.testng.internal.TestInvoker.invokeTestMethods(TestInvoker.java:146)
at org.testng.internal.TestMethodWorker.invokeTestMethods(TestMethodWorker.java:146)
at org.testng.internal.TestMethodWorker.run(TestMethodWorker.java:128)
at java.base/java.util.ArrayList.forEach(ArrayList.java:1511)
at org.testng.TestRunner.privateRun(TestRunner.java:794)
at org.testng.TestRunner.run(TestRunner.java:596)
at org.testng.SuiteRunner.runTest(SuiteRunner.java:377)
at org.testng.SuiteRunner.runSequentially(SuiteRunner.java:371)
at org.testng.SuiteRunner.privateRun(SuiteRunner.java:332)
at org.testng.SuiteRunner.run(SuiteRunner.java:276)
at org.testng.SuiteRunnerWorker.runSuite(SuiteRunnerWorker.java:53)
at org.testng.SuiteRunnerWorker.run(SuiteRunnerWorker.java:96)
at org.testng.TestNG.runSuitesSequentially(TestNG.java:1212)
at org.testng.TestNG.runSuitesLocally(TestNG.java:1134)
at org.testng.TestNG.runSuites(TestNG.java:1063)
at org.testng.TestNG.run(TestNG.java:1031)
at org.testng.remote.AbstractRemoteTestNG.run(AbstractRemoteTestNG.java:115)
at org.testng.remote.RemoteTestNG.initAndRun(RemoteTestNG.java:251)
at org.testng.remote.RemoteTestNG.main(RemoteTestNG.java:77)
]]>
    </failure>
  </testcase> <!-- init -->
</testsuite> <!-- Default test -->
